<?xml version="1.0" encoding="UTF-8"?>
<!-- Generated by org.testng.reporters.JUnitReportReporter -->
<testsuite hostname="Server1" name="lalit.testScripts.AddnewBillingTypeTest" tests="1" failures="0" timestamp="20 Sep 2015 13:14:29 GMT" time="79.538" errors="0">
  <testcase name="verifySuccessfullyAddingBillingType" time="79.538" classname="lalit.testScripts.AddnewBillingTypeTest"/>
</testsuite> <!-- lalit.testScripts.AddnewBillingTypeTest -->
