<?xml version="1.0" encoding="UTF-8"?>
<!-- Generated by org.testng.reporters.JUnitReportReporter -->
<testsuite hostname="Server1" name="lalit.testScripts.LoginLogoutTest" tests="1" failures="0" timestamp="20 Sep 2015 13:14:29 GMT" time="113.511" errors="0">
  <testcase name="testLoginLogout" time="113.511" classname="lalit.testScripts.LoginLogoutTest"/>
</testsuite> <!-- lalit.testScripts.LoginLogoutTest -->
